25-05-2022  08:15:40.788 [restartedMain] INFO  com.app.RestAppApplication.logStarting - Starting RestAppApplication using Java 17.0.1 on Mahesh with PID 16884 (D:\spring-boot\rest-app\target\classes started by mahes in D:\spring-boot\rest-app)
25-05-2022  08:15:40.797 [restartedMain] DEBUG com.app.RestAppApplication.logStarting - Running with Spring Boot v2.6.7, Spring v5.3.19
25-05-2022  08:15:40.798 [restartedMain] INFO  com.app.RestAppApplication.logStartupProfileInfo - No active profile set, falling back to 1 default profile: "default"
25-05-2022  08:15:40.860 [restartedMain] INFO  o.s.b.d.e.DevToolsPropertyDefaultsPostProcessor.logTo - Devtools property defaults active! Set 'spring.devtools.add-properties' to 'false' to disable
25-05-2022  08:15:40.861 [restartedMain] INFO  o.s.b.d.e.DevToolsPropertyDefaultsPostProcessor.logTo - For additional web related logging consider setting the 'logging.level.web' property to 'DEBUG'
25-05-2022  08:15:41.911 [restartedMain] INFO  o.s.d.r.c.RepositoryConfigurationDelegate.registerRepositoriesIn - Bootstrapping Spring Data JPA repositories in DEFAULT mode.
25-05-2022  08:15:41.971 [restartedMain] INFO  o.s.d.r.c.RepositoryConfigurationDelegate.registerRepositoriesIn - Finished Spring Data repository scanning in 44 ms. Found 1 JPA repository interfaces.
25-05-2022  08:15:42.918 [restartedMain] INFO  o.s.b.w.e.tomcat.TomcatWebServer.initialize - Tomcat initialized with port(s): 8080 (http)
25-05-2022  08:15:42.935 [restartedMain] INFO  o.a.catalina.core.StandardService.log - Starting service [Tomcat]
25-05-2022  08:15:42.936 [restartedMain] INFO  o.a.catalina.core.StandardEngine.log - Starting Servlet engine: [Apache Tomcat/9.0.62]
25-05-2022  08:15:43.030 [restartedMain] INFO  o.a.c.c.C.[Tomcat].[localhost].[/].log - Initializing Spring embedded WebApplicationContext
25-05-2022  08:15:43.030 [restartedMain] INFO  o.s.b.w.s.c.ServletWebServerApplicationContext.prepareWebApplicationContext - Root WebApplicationContext: initialization completed in 2167 ms
25-05-2022  08:15:43.422 [restartedMain] INFO  o.h.jpa.internal.util.LogHelper.logPersistenceUnitInformation - HHH000204: Processing PersistenceUnitInfo [name: default]
25-05-2022  08:15:43.496 [restartedMain] INFO  org.hibernate.Version.logVersion - HHH000412: Hibernate ORM core version 5.6.8.Final
25-05-2022  08:15:43.729 [restartedMain] INFO  o.h.annotations.common.Version.<clinit> - HCANN000001: Hibernate Commons Annotations {5.1.2.Final}
25-05-2022  08:15:43.852 [restartedMain] INFO  com.zaxxer.hikari.HikariDataSource.getConnection - HikariPool-1 - Starting...
25-05-2022  08:15:43.858 [restartedMain] WARN  c.z.hikari.util.DriverDataSource.<init> - Registered driver with driverClassName=com.mysql.jdbc.Driver was not found, trying direct instantiation.
25-05-2022  08:15:44.224 [restartedMain] INFO  com.zaxxer.hikari.HikariDataSource.getConnection - HikariPool-1 - Start completed.
25-05-2022  08:15:44.243 [restartedMain] INFO  org.hibernate.dialect.Dialect.<init> - HHH000400: Using dialect: org.hibernate.dialect.MySQL5InnoDBDialect
25-05-2022  08:15:44.987 [restartedMain] INFO  o.h.e.t.j.p.i.JtaPlatformInitiator.initiateService - HHH000490: Using JtaPlatform implementation: [org.hibernate.engine.transaction.jta.platform.internal.NoJtaPlatform]
25-05-2022  08:15:44.994 [restartedMain] INFO  o.s.o.j.LocalContainerEntityManagerFactoryBean.buildNativeEntityManagerFactory - Initialized JPA EntityManagerFactory for persistence unit 'default'
25-05-2022  08:15:45.639 [restartedMain] WARN  o.s.b.a.o.j.JpaBaseConfiguration$JpaWebConfiguration.openEntityManagerInViewInterceptor - spring.jpa.open-in-view is enabled by default. Therefore, database queries may be performed during view rendering. Explicitly configure spring.jpa.open-in-view to disable this warning
25-05-2022  08:15:46.320 [restartedMain] INFO  o.s.b.d.a.OptionalLiveReloadServer.startServer - LiveReload server is running on port 35729
25-05-2022  08:15:46.332 [restartedMain] INFO  o.s.b.a.e.web.EndpointLinksResolver.<init> - Exposing 15 endpoint(s) beneath base path '/actuator'
25-05-2022  08:15:46.391 [restartedMain] INFO  o.s.b.w.e.tomcat.TomcatWebServer.start - Tomcat started on port(s): 8080 (http) with context path ''
25-05-2022  08:15:46.407 [restartedMain] INFO  com.app.RestAppApplication.logStarted - Started RestAppApplication in 6.037 seconds (JVM running for 6.503)
25-05-2022  08:15:46.468 [restartedMain] INFO  com.app.RestAppApplication.main - Application is started..!
25-05-2022  08:17:02.288 [http-nio-8080-exec-1] INFO  o.a.c.c.C.[Tomcat].[localhost].[/].log - Initializing Spring DispatcherServlet 'dispatcherServlet'
25-05-2022  08:17:02.288 [http-nio-8080-exec-1] INFO  o.s.web.servlet.DispatcherServlet.initServletBean - Initializing Servlet 'dispatcherServlet'
25-05-2022  08:17:02.296 [http-nio-8080-exec-1] INFO  o.s.web.servlet.DispatcherServlet.initServletBean - Completed initialization in 0 ms
25-05-2022  08:17:02.446 [http-nio-8080-exec-1] DEBUG com.app.controller.ProductController.getAllProducts - ProductController -> getAllProducts() starts.
25-05-2022  08:17:02.463 [http-nio-8080-exec-1] INFO  com.app.LoggingAspect.logAroundAllMethods - **** class com.app.service.ProductServiceRepo:getAllProducts: Before Method Execution
25-05-2022  08:17:02.579 [http-nio-8080-exec-1] INFO  com.app.LoggingAspect.logAroundAllMethods - **** class com.app.service.ProductServiceRepo:getAllProducts: After Method Execution
25-05-2022  08:17:02.603 [http-nio-8080-exec-1] DEBUG com.app.controller.ProductController.getAllProducts - ProductController -> getAllProducts() ends.
25-05-2022  08:20:44.116 [Thread-5] INFO  o.s.o.j.LocalContainerEntityManagerFactoryBean.destroy - Closing JPA EntityManagerFactory for persistence unit 'default'
25-05-2022  08:20:44.119 [Thread-5] INFO  com.zaxxer.hikari.HikariDataSource.close - HikariPool-1 - Shutdown initiated...
25-05-2022  08:20:44.126 [Thread-5] INFO  com.zaxxer.hikari.HikariDataSource.close - HikariPool-1 - Shutdown completed.
25-05-2022  08:20:44.199 [restartedMain] INFO  com.app.RestAppApplication.logStarting - Starting RestAppApplication using Java 17.0.1 on Mahesh with PID 16884 (D:\spring-boot\rest-app\target\classes started by mahes in D:\spring-boot\rest-app)
25-05-2022  08:20:44.199 [restartedMain] DEBUG com.app.RestAppApplication.logStarting - Running with Spring Boot v2.6.7, Spring v5.3.19
25-05-2022  08:20:44.200 [restartedMain] INFO  com.app.RestAppApplication.logStartupProfileInfo - No active profile set, falling back to 1 default profile: "default"
25-05-2022  08:20:44.436 [restartedMain] INFO  o.s.d.r.c.RepositoryConfigurationDelegate.registerRepositoriesIn - Bootstrapping Spring Data JPA repositories in DEFAULT mode.
25-05-2022  08:20:44.442 [restartedMain] INFO  o.s.d.r.c.RepositoryConfigurationDelegate.registerRepositoriesIn - Finished Spring Data repository scanning in 5 ms. Found 1 JPA repository interfaces.
25-05-2022  08:20:44.573 [restartedMain] INFO  o.s.b.w.e.tomcat.TomcatWebServer.initialize - Tomcat initialized with port(s): 8080 (http)
25-05-2022  08:20:44.574 [restartedMain] INFO  o.a.catalina.core.StandardService.log - Starting service [Tomcat]
25-05-2022  08:20:44.574 [restartedMain] INFO  o.a.catalina.core.StandardEngine.log - Starting Servlet engine: [Apache Tomcat/9.0.62]
25-05-2022  08:20:44.591 [restartedMain] INFO  o.a.c.c.C.[Tomcat].[localhost].[/].log - Initializing Spring embedded WebApplicationContext
25-05-2022  08:20:44.591 [restartedMain] INFO  o.s.b.w.s.c.ServletWebServerApplicationContext.prepareWebApplicationContext - Root WebApplicationContext: initialization completed in 390 ms
25-05-2022  08:20:44.677 [restartedMain] INFO  o.h.jpa.internal.util.LogHelper.logPersistenceUnitInformation - HHH000204: Processing PersistenceUnitInfo [name: default]
25-05-2022  08:20:44.680 [restartedMain] INFO  com.zaxxer.hikari.HikariDataSource.getConnection - HikariPool-2 - Starting...
25-05-2022  08:20:44.680 [restartedMain] WARN  c.z.hikari.util.DriverDataSource.<init> - Registered driver with driverClassName=com.mysql.jdbc.Driver was not found, trying direct instantiation.
25-05-2022  08:20:44.704 [restartedMain] INFO  com.zaxxer.hikari.HikariDataSource.getConnection - HikariPool-2 - Start completed.
25-05-2022  08:20:44.704 [restartedMain] INFO  org.hibernate.dialect.Dialect.<init> - HHH000400: Using dialect: org.hibernate.dialect.MySQL5InnoDBDialect
25-05-2022  08:20:44.752 [restartedMain] INFO  o.h.e.t.j.p.i.JtaPlatformInitiator.initiateService - HHH000490: Using JtaPlatform implementation: [org.hibernate.engine.transaction.jta.platform.internal.NoJtaPlatform]
25-05-2022  08:20:44.752 [restartedMain] INFO  o.s.o.j.LocalContainerEntityManagerFactoryBean.buildNativeEntityManagerFactory - Initialized JPA EntityManagerFactory for persistence unit 'default'
25-05-2022  08:20:44.914 [restartedMain] WARN  o.s.b.a.o.j.JpaBaseConfiguration$JpaWebConfiguration.openEntityManagerInViewInterceptor - spring.jpa.open-in-view is enabled by default. Therefore, database queries may be performed during view rendering. Explicitly configure spring.jpa.open-in-view to disable this warning
25-05-2022  08:20:45.163 [restartedMain] INFO  o.s.b.d.a.OptionalLiveReloadServer.startServer - LiveReload server is running on port 35729
25-05-2022  08:20:45.168 [restartedMain] INFO  o.s.b.a.e.web.EndpointLinksResolver.<init> - Exposing 15 endpoint(s) beneath base path '/actuator'
25-05-2022  08:20:45.185 [restartedMain] INFO  o.s.b.w.e.tomcat.TomcatWebServer.start - Tomcat started on port(s): 8080 (http) with context path ''
25-05-2022  08:20:45.192 [restartedMain] INFO  com.app.RestAppApplication.logStarted - Started RestAppApplication in 1.02 seconds (JVM running for 305.287)
25-05-2022  08:20:45.195 [restartedMain] INFO  o.s.b.d.a.ConditionEvaluationDeltaLoggingListener.onApplicationEvent - Condition evaluation unchanged
25-05-2022  08:20:45.195 [restartedMain] INFO  com.app.RestAppApplication.main - Application is started..!
25-05-2022  08:22:38.168 [Thread-7] INFO  o.s.o.j.LocalContainerEntityManagerFactoryBean.destroy - Closing JPA EntityManagerFactory for persistence unit 'default'
25-05-2022  08:22:38.169 [Thread-7] INFO  com.zaxxer.hikari.HikariDataSource.close - HikariPool-2 - Shutdown initiated...
25-05-2022  08:22:38.173 [Thread-7] INFO  com.zaxxer.hikari.HikariDataSource.close - HikariPool-2 - Shutdown completed.
25-05-2022  08:22:38.232 [restartedMain] INFO  com.app.RestAppApplication.logStarting - Starting RestAppApplication using Java 17.0.1 on Mahesh with PID 16884 (D:\spring-boot\rest-app\target\classes started by mahes in D:\spring-boot\rest-app)
25-05-2022  08:22:38.232 [restartedMain] DEBUG com.app.RestAppApplication.logStarting - Running with Spring Boot v2.6.7, Spring v5.3.19
25-05-2022  08:22:38.232 [restartedMain] INFO  com.app.RestAppApplication.logStartupProfileInfo - No active profile set, falling back to 1 default profile: "default"
25-05-2022  08:22:38.499 [restartedMain] INFO  o.s.d.r.c.RepositoryConfigurationDelegate.registerRepositoriesIn - Bootstrapping Spring Data JPA repositories in DEFAULT mode.
25-05-2022  08:22:38.505 [restartedMain] INFO  o.s.d.r.c.RepositoryConfigurationDelegate.registerRepositoriesIn - Finished Spring Data repository scanning in 6 ms. Found 1 JPA repository interfaces.
25-05-2022  08:22:38.606 [restartedMain] INFO  o.s.b.w.e.tomcat.TomcatWebServer.initialize - Tomcat initialized with port(s): 8080 (http)
25-05-2022  08:22:38.607 [restartedMain] INFO  o.a.catalina.core.StandardService.log - Starting service [Tomcat]
25-05-2022  08:22:38.607 [restartedMain] INFO  o.a.catalina.core.StandardEngine.log - Starting Servlet engine: [Apache Tomcat/9.0.62]
25-05-2022  08:22:38.621 [restartedMain] INFO  o.a.c.c.C.[Tomcat].[localhost].[/].log - Initializing Spring embedded WebApplicationContext
25-05-2022  08:22:38.621 [restartedMain] INFO  o.s.b.w.s.c.ServletWebServerApplicationContext.prepareWebApplicationContext - Root WebApplicationContext: initialization completed in 387 ms
25-05-2022  08:22:38.690 [restartedMain] INFO  o.h.jpa.internal.util.LogHelper.logPersistenceUnitInformation - HHH000204: Processing PersistenceUnitInfo [name: default]
25-05-2022  08:22:38.695 [restartedMain] INFO  com.zaxxer.hikari.HikariDataSource.getConnection - HikariPool-3 - Starting...
25-05-2022  08:22:38.695 [restartedMain] WARN  c.z.hikari.util.DriverDataSource.<init> - Registered driver with driverClassName=com.mysql.jdbc.Driver was not found, trying direct instantiation.
25-05-2022  08:22:38.712 [restartedMain] INFO  com.zaxxer.hikari.HikariDataSource.getConnection - HikariPool-3 - Start completed.
25-05-2022  08:22:38.713 [restartedMain] INFO  org.hibernate.dialect.Dialect.<init> - HHH000400: Using dialect: org.hibernate.dialect.MySQL5InnoDBDialect
25-05-2022  08:22:38.757 [restartedMain] INFO  o.h.e.t.j.p.i.JtaPlatformInitiator.initiateService - HHH000490: Using JtaPlatform implementation: [org.hibernate.engine.transaction.jta.platform.internal.NoJtaPlatform]
25-05-2022  08:22:38.758 [restartedMain] INFO  o.s.o.j.LocalContainerEntityManagerFactoryBean.buildNativeEntityManagerFactory - Initialized JPA EntityManagerFactory for persistence unit 'default'
25-05-2022  08:22:38.899 [restartedMain] WARN  o.s.b.a.o.j.JpaBaseConfiguration$JpaWebConfiguration.openEntityManagerInViewInterceptor - spring.jpa.open-in-view is enabled by default. Therefore, database queries may be performed during view rendering. Explicitly configure spring.jpa.open-in-view to disable this warning
25-05-2022  08:22:39.117 [restartedMain] INFO  o.s.b.d.a.OptionalLiveReloadServer.startServer - LiveReload server is running on port 35729
25-05-2022  08:22:39.121 [restartedMain] INFO  o.s.b.a.e.web.EndpointLinksResolver.<init> - Exposing 15 endpoint(s) beneath base path '/actuator'
25-05-2022  08:22:39.136 [restartedMain] INFO  o.s.b.w.e.tomcat.TomcatWebServer.start - Tomcat started on port(s): 8080 (http) with context path ''
25-05-2022  08:22:39.143 [restartedMain] INFO  com.app.RestAppApplication.logStarted - Started RestAppApplication in 0.934 seconds (JVM running for 419.238)
25-05-2022  08:22:39.145 [restartedMain] INFO  o.s.b.d.a.ConditionEvaluationDeltaLoggingListener.onApplicationEvent - Condition evaluation unchanged
25-05-2022  08:22:39.146 [restartedMain] INFO  com.app.RestAppApplication.main - Application is started..!
25-05-2022  08:22:45.960 [http-nio-8080-exec-1] INFO  o.a.c.c.C.[Tomcat].[localhost].[/].log - Initializing Spring DispatcherServlet 'dispatcherServlet'
25-05-2022  08:22:45.960 [http-nio-8080-exec-1] INFO  o.s.web.servlet.DispatcherServlet.initServletBean - Initializing Servlet 'dispatcherServlet'
25-05-2022  08:22:45.962 [http-nio-8080-exec-1] INFO  o.s.web.servlet.DispatcherServlet.initServletBean - Completed initialization in 1 ms
25-05-2022  08:24:21.155 [Thread-11] INFO  o.s.o.j.LocalContainerEntityManagerFactoryBean.destroy - Closing JPA EntityManagerFactory for persistence unit 'default'
25-05-2022  08:24:21.155 [Thread-11] INFO  com.zaxxer.hikari.HikariDataSource.close - HikariPool-3 - Shutdown initiated...
25-05-2022  08:24:21.160 [Thread-11] INFO  com.zaxxer.hikari.HikariDataSource.close - HikariPool-3 - Shutdown completed.
25-05-2022  08:24:21.233 [restartedMain] INFO  com.app.RestAppApplication.logStarting - Starting RestAppApplication using Java 17.0.1 on Mahesh with PID 16884 (D:\spring-boot\rest-app\target\classes started by mahes in D:\spring-boot\rest-app)
25-05-2022  08:24:21.233 [restartedMain] DEBUG com.app.RestAppApplication.logStarting - Running with Spring Boot v2.6.7, Spring v5.3.19
25-05-2022  08:24:21.233 [restartedMain] INFO  com.app.RestAppApplication.logStartupProfileInfo - No active profile set, falling back to 1 default profile: "default"
25-05-2022  08:24:21.453 [restartedMain] INFO  o.s.d.r.c.RepositoryConfigurationDelegate.registerRepositoriesIn - Bootstrapping Spring Data JPA repositories in DEFAULT mode.
25-05-2022  08:24:21.459 [restartedMain] INFO  o.s.d.r.c.RepositoryConfigurationDelegate.registerRepositoriesIn - Finished Spring Data repository scanning in 4 ms. Found 1 JPA repository interfaces.
25-05-2022  08:24:21.543 [restartedMain] INFO  o.s.b.w.e.tomcat.TomcatWebServer.initialize - Tomcat initialized with port(s): 8080 (http)
25-05-2022  08:24:21.544 [restartedMain] INFO  o.a.catalina.core.StandardService.log - Starting service [Tomcat]
25-05-2022  08:24:21.544 [restartedMain] INFO  o.a.catalina.core.StandardEngine.log - Starting Servlet engine: [Apache Tomcat/9.0.62]
25-05-2022  08:24:21.560 [restartedMain] INFO  o.a.c.c.C.[Tomcat].[localhost].[/].log - Initializing Spring embedded WebApplicationContext
25-05-2022  08:24:21.560 [restartedMain] INFO  o.s.b.w.s.c.ServletWebServerApplicationContext.prepareWebApplicationContext - Root WebApplicationContext: initialization completed in 326 ms
25-05-2022  08:24:21.648 [restartedMain] INFO  o.h.jpa.internal.util.LogHelper.logPersistenceUnitInformation - HHH000204: Processing PersistenceUnitInfo [name: default]
25-05-2022  08:24:21.651 [restartedMain] INFO  com.zaxxer.hikari.HikariDataSource.getConnection - HikariPool-4 - Starting...
25-05-2022  08:24:21.652 [restartedMain] WARN  c.z.hikari.util.DriverDataSource.<init> - Registered driver with driverClassName=com.mysql.jdbc.Driver was not found, trying direct instantiation.
25-05-2022  08:24:21.671 [restartedMain] INFO  com.zaxxer.hikari.HikariDataSource.getConnection - HikariPool-4 - Start completed.
25-05-2022  08:24:21.672 [restartedMain] INFO  org.hibernate.dialect.Dialect.<init> - HHH000400: Using dialect: org.hibernate.dialect.MySQL5InnoDBDialect
25-05-2022  08:24:21.709 [restartedMain] INFO  o.h.e.t.j.p.i.JtaPlatformInitiator.initiateService - HHH000490: Using JtaPlatform implementation: [org.hibernate.engine.transaction.jta.platform.internal.NoJtaPlatform]
25-05-2022  08:24:21.710 [restartedMain] INFO  o.s.o.j.LocalContainerEntityManagerFactoryBean.buildNativeEntityManagerFactory - Initialized JPA EntityManagerFactory for persistence unit 'default'
25-05-2022  08:24:21.840 [restartedMain] WARN  o.s.b.a.o.j.JpaBaseConfiguration$JpaWebConfiguration.openEntityManagerInViewInterceptor - spring.jpa.open-in-view is enabled by default. Therefore, database queries may be performed during view rendering. Explicitly configure spring.jpa.open-in-view to disable this warning
25-05-2022  08:24:22.037 [restartedMain] INFO  o.s.b.d.a.OptionalLiveReloadServer.startServer - LiveReload server is running on port 35729
25-05-2022  08:24:22.041 [restartedMain] INFO  o.s.b.a.e.web.EndpointLinksResolver.<init> - Exposing 14 endpoint(s) beneath base path '/actuator'
25-05-2022  08:24:22.051 [restartedMain] INFO  o.s.b.w.e.tomcat.TomcatWebServer.start - Tomcat started on port(s): 8080 (http) with context path ''
25-05-2022  08:24:22.055 [restartedMain] INFO  com.app.RestAppApplication.logStarted - Started RestAppApplication in 0.85 seconds (JVM running for 522.15)
25-05-2022  08:24:22.058 [restartedMain] INFO  o.s.b.d.a.ConditionEvaluationDeltaLoggingListener.onApplicationEvent - Condition evaluation delta:


==========================
CONDITION EVALUATION DELTA
==========================


Positive matches:
-----------------

    None


Negative matches:
-----------------

   InfoEndpointAutoConfiguration:
      Did not match:
         - @ConditionalOnAvailableEndpoint found property management.endpoint.info.enabled with value false (OnAvailableEndpointCondition)


Exclusions:
-----------

    None


Unconditional classes:
----------------------

    None



25-05-2022  08:24:22.059 [restartedMain] INFO  com.app.RestAppApplication.main - Application is started..!
25-05-2022  08:24:27.519 [http-nio-8080-exec-2] INFO  o.a.c.c.C.[Tomcat].[localhost].[/].log - Initializing Spring DispatcherServlet 'dispatcherServlet'
25-05-2022  08:24:27.519 [http-nio-8080-exec-2] INFO  o.s.web.servlet.DispatcherServlet.initServletBean - Initializing Servlet 'dispatcherServlet'
25-05-2022  08:24:27.520 [http-nio-8080-exec-2] INFO  o.s.web.servlet.DispatcherServlet.initServletBean - Completed initialization in 1 ms
25-05-2022  08:24:59.040 [Thread-19] INFO  o.s.o.j.LocalContainerEntityManagerFactoryBean.destroy - Closing JPA EntityManagerFactory for persistence unit 'default'
25-05-2022  08:24:59.041 [Thread-19] INFO  com.zaxxer.hikari.HikariDataSource.close - HikariPool-4 - Shutdown initiated...
25-05-2022  08:24:59.050 [Thread-19] INFO  com.zaxxer.hikari.HikariDataSource.close - HikariPool-4 - Shutdown completed.
25-05-2022  08:25:39.510 [restartedMain] INFO  com.app.RestAppApplication.logStarting - Starting RestAppApplication using Java 17.0.1 on Mahesh with PID 7768 (D:\spring-boot\rest-app\target\classes started by mahes in D:\spring-boot\rest-app)
25-05-2022  08:25:39.511 [restartedMain] DEBUG com.app.RestAppApplication.logStarting - Running with Spring Boot v2.6.7, Spring v5.3.19
25-05-2022  08:25:39.511 [restartedMain] INFO  com.app.RestAppApplication.logStartupProfileInfo - No active profile set, falling back to 1 default profile: "default"
25-05-2022  08:25:39.547 [restartedMain] INFO  o.s.b.d.e.DevToolsPropertyDefaultsPostProcessor.logTo - Devtools property defaults active! Set 'spring.devtools.add-properties' to 'false' to disable
25-05-2022  08:25:39.548 [restartedMain] INFO  o.s.b.d.e.DevToolsPropertyDefaultsPostProcessor.logTo - For additional web related logging consider setting the 'logging.level.web' property to 'DEBUG'
25-05-2022  08:25:40.354 [restartedMain] INFO  o.s.d.r.c.RepositoryConfigurationDelegate.registerRepositoriesIn - Bootstrapping Spring Data JPA repositories in DEFAULT mode.
25-05-2022  08:25:40.399 [restartedMain] INFO  o.s.d.r.c.RepositoryConfigurationDelegate.registerRepositoriesIn - Finished Spring Data repository scanning in 36 ms. Found 1 JPA repository interfaces.
25-05-2022  08:25:41.200 [restartedMain] INFO  o.s.b.w.e.tomcat.TomcatWebServer.initialize - Tomcat initialized with port(s): 8080 (http)
25-05-2022  08:25:41.210 [restartedMain] INFO  o.a.catalina.core.StandardService.log - Starting service [Tomcat]
25-05-2022  08:25:41.211 [restartedMain] INFO  o.a.catalina.core.StandardEngine.log - Starting Servlet engine: [Apache Tomcat/9.0.62]
25-05-2022  08:25:41.283 [restartedMain] INFO  o.a.c.c.C.[Tomcat].[localhost].[/].log - Initializing Spring embedded WebApplicationContext
25-05-2022  08:25:41.284 [restartedMain] INFO  o.s.b.w.s.c.ServletWebServerApplicationContext.prepareWebApplicationContext - Root WebApplicationContext: initialization completed in 1735 ms
25-05-2022  08:25:41.609 [restartedMain] INFO  o.h.jpa.internal.util.LogHelper.logPersistenceUnitInformation - HHH000204: Processing PersistenceUnitInfo [name: default]
25-05-2022  08:25:41.655 [restartedMain] INFO  org.hibernate.Version.logVersion - HHH000412: Hibernate ORM core version 5.6.8.Final
25-05-2022  08:25:41.823 [restartedMain] INFO  o.h.annotations.common.Version.<clinit> - HCANN000001: Hibernate Commons Annotations {5.1.2.Final}
25-05-2022  08:25:41.963 [restartedMain] INFO  com.zaxxer.hikari.HikariDataSource.getConnection - HikariPool-1 - Starting...
25-05-2022  08:25:41.970 [restartedMain] WARN  c.z.hikari.util.DriverDataSource.<init> - Registered driver with driverClassName=com.mysql.jdbc.Driver was not found, trying direct instantiation.
25-05-2022  08:25:42.362 [restartedMain] INFO  com.zaxxer.hikari.HikariDataSource.getConnection - HikariPool-1 - Start completed.
25-05-2022  08:25:42.372 [restartedMain] INFO  org.hibernate.dialect.Dialect.<init> - HHH000400: Using dialect: org.hibernate.dialect.MySQL5InnoDBDialect
25-05-2022  08:25:42.933 [restartedMain] INFO  o.h.e.t.j.p.i.JtaPlatformInitiator.initiateService - HHH000490: Using JtaPlatform implementation: [org.hibernate.engine.transaction.jta.platform.internal.NoJtaPlatform]
25-05-2022  08:25:42.939 [restartedMain] INFO  o.s.o.j.LocalContainerEntityManagerFactoryBean.buildNativeEntityManagerFactory - Initialized JPA EntityManagerFactory for persistence unit 'default'
25-05-2022  08:25:43.537 [restartedMain] WARN  o.s.b.a.o.j.JpaBaseConfiguration$JpaWebConfiguration.openEntityManagerInViewInterceptor - spring.jpa.open-in-view is enabled by default. Therefore, database queries may be performed during view rendering. Explicitly configure spring.jpa.open-in-view to disable this warning
25-05-2022  08:25:44.135 [restartedMain] INFO  o.s.b.d.a.OptionalLiveReloadServer.startServer - LiveReload server is running on port 35729
25-05-2022  08:25:44.143 [restartedMain] INFO  o.s.b.a.e.web.EndpointLinksResolver.<init> - Exposing 14 endpoint(s) beneath base path '/actuator'
25-05-2022  08:25:44.190 [restartedMain] INFO  o.s.b.w.e.tomcat.TomcatWebServer.start - Tomcat started on port(s): 8080 (http) with context path ''
25-05-2022  08:25:44.203 [restartedMain] INFO  com.app.RestAppApplication.logStarted - Started RestAppApplication in 5.02 seconds (JVM running for 5.456)
25-05-2022  08:25:44.258 [restartedMain] INFO  com.app.RestAppApplication.main - Application is started..!
25-05-2022  08:25:51.762 [http-nio-8080-exec-2] INFO  o.a.c.c.C.[Tomcat].[localhost].[/].log - Initializing Spring DispatcherServlet 'dispatcherServlet'
25-05-2022  08:25:51.762 [http-nio-8080-exec-2] INFO  o.s.web.servlet.DispatcherServlet.initServletBean - Initializing Servlet 'dispatcherServlet'
25-05-2022  08:25:51.762 [http-nio-8080-exec-2] INFO  o.s.web.servlet.DispatcherServlet.initServletBean - Completed initialization in 0 ms
25-05-2022  08:28:21.135 [Thread-5] INFO  o.s.o.j.LocalContainerEntityManagerFactoryBean.destroy - Closing JPA EntityManagerFactory for persistence unit 'default'
25-05-2022  08:28:21.137 [Thread-5] INFO  com.zaxxer.hikari.HikariDataSource.close - HikariPool-1 - Shutdown initiated...
25-05-2022  08:28:21.144 [Thread-5] INFO  com.zaxxer.hikari.HikariDataSource.close - HikariPool-1 - Shutdown completed.
25-05-2022  08:28:21.210 [restartedMain] INFO  com.app.RestAppApplication.logStarting - Starting RestAppApplication using Java 17.0.1 on Mahesh with PID 7768 (D:\spring-boot\rest-app\target\classes started by mahes in D:\spring-boot\rest-app)
25-05-2022  08:28:21.210 [restartedMain] DEBUG com.app.RestAppApplication.logStarting - Running with Spring Boot v2.6.7, Spring v5.3.19
25-05-2022  08:28:21.210 [restartedMain] INFO  com.app.RestAppApplication.logStartupProfileInfo - No active profile set, falling back to 1 default profile: "default"
25-05-2022  08:28:21.422 [restartedMain] INFO  o.s.d.r.c.RepositoryConfigurationDelegate.registerRepositoriesIn - Bootstrapping Spring Data JPA repositories in DEFAULT mode.
25-05-2022  08:28:21.427 [restartedMain] INFO  o.s.d.r.c.RepositoryConfigurationDelegate.registerRepositoriesIn - Finished Spring Data repository scanning in 5 ms. Found 1 JPA repository interfaces.
25-05-2022  08:28:21.539 [restartedMain] INFO  o.s.b.w.e.tomcat.TomcatWebServer.initialize - Tomcat initialized with port(s): 8080 (http)
25-05-2022  08:28:21.540 [restartedMain] INFO  o.a.catalina.core.StandardService.log - Starting service [Tomcat]
25-05-2022  08:28:21.540 [restartedMain] INFO  o.a.catalina.core.StandardEngine.log - Starting Servlet engine: [Apache Tomcat/9.0.62]
25-05-2022  08:28:21.555 [restartedMain] INFO  o.a.c.c.C.[Tomcat].[localhost].[/].log - Initializing Spring embedded WebApplicationContext
25-05-2022  08:28:21.555 [restartedMain] INFO  o.s.b.w.s.c.ServletWebServerApplicationContext.prepareWebApplicationContext - Root WebApplicationContext: initialization completed in 343 ms
25-05-2022  08:28:21.641 [restartedMain] INFO  o.h.jpa.internal.util.LogHelper.logPersistenceUnitInformation - HHH000204: Processing PersistenceUnitInfo [name: default]
25-05-2022  08:28:21.645 [restartedMain] INFO  com.zaxxer.hikari.HikariDataSource.getConnection - HikariPool-2 - Starting...
25-05-2022  08:28:21.645 [restartedMain] WARN  c.z.hikari.util.DriverDataSource.<init> - Registered driver with driverClassName=com.mysql.jdbc.Driver was not found, trying direct instantiation.
25-05-2022  08:28:21.666 [restartedMain] INFO  com.zaxxer.hikari.HikariDataSource.getConnection - HikariPool-2 - Start completed.
25-05-2022  08:28:21.666 [restartedMain] INFO  org.hibernate.dialect.Dialect.<init> - HHH000400: Using dialect: org.hibernate.dialect.MySQL5InnoDBDialect
25-05-2022  08:28:21.714 [restartedMain] INFO  o.h.e.t.j.p.i.JtaPlatformInitiator.initiateService - HHH000490: Using JtaPlatform implementation: [org.hibernate.engine.transaction.jta.platform.internal.NoJtaPlatform]
25-05-2022  08:28:21.715 [restartedMain] INFO  o.s.o.j.LocalContainerEntityManagerFactoryBean.buildNativeEntityManagerFactory - Initialized JPA EntityManagerFactory for persistence unit 'default'
25-05-2022  08:28:21.864 [restartedMain] WARN  o.s.b.a.o.j.JpaBaseConfiguration$JpaWebConfiguration.openEntityManagerInViewInterceptor - spring.jpa.open-in-view is enabled by default. Therefore, database queries may be performed during view rendering. Explicitly configure spring.jpa.open-in-view to disable this warning
25-05-2022  08:28:22.063 [restartedMain] INFO  o.s.b.d.a.OptionalLiveReloadServer.startServer - LiveReload server is running on port 35729
25-05-2022  08:28:22.066 [restartedMain] INFO  o.s.b.a.e.web.EndpointLinksResolver.<init> - Exposing 1 endpoint(s) beneath base path '/actuator'
25-05-2022  08:28:22.079 [restartedMain] INFO  o.s.b.w.e.tomcat.TomcatWebServer.start - Tomcat started on port(s): 8080 (http) with context path ''
25-05-2022  08:28:22.085 [restartedMain] INFO  com.app.RestAppApplication.logStarted - Started RestAppApplication in 0.898 seconds (JVM running for 163.338)
25-05-2022  08:28:22.090 [restartedMain] INFO  o.s.b.d.a.ConditionEvaluationDeltaLoggingListener.onApplicationEvent - Condition evaluation delta:


==========================
CONDITION EVALUATION DELTA
==========================


Positive matches:
-----------------

    None


Negative matches:
-----------------

   AuditEventsEndpointAutoConfiguration:
      Did not match:
         - @ConditionalOnAvailableEndpoint no 'management.endpoints' property marked it as exposed (OnAvailableEndpointCondition)

   BeansEndpointAutoConfiguration:
      Did not match:
         - @ConditionalOnAvailableEndpoint no 'management.endpoints' property marked it as exposed (OnAvailableEndpointCondition)

   CachesEndpointAutoConfiguration:
      Did not match:
         - @ConditionalOnAvailableEndpoint no 'management.endpoints' property marked it as exposed (OnAvailableEndpointCondition)
      Matched:
         - @ConditionalOnClass found required class 'org.springframework.cache.CacheManager' (OnClassCondition)

   ConditionsReportEndpointAutoConfiguration:
      Did not match:
         - @ConditionalOnAvailableEndpoint no 'management.endpoints' property marked it as exposed (OnAvailableEndpointCondition)

   ConfigurationPropertiesReportEndpointAutoConfiguration:
      Did not match:
         - @ConditionalOnAvailableEndpoint no 'management.endpoints' property marked it as exposed (OnAvailableEndpointCondition)

   EnvironmentEndpointAutoConfiguration:
      Did not match:
         - @ConditionalOnAvailableEndpoint no 'management.endpoints' property marked it as exposed (OnAvailableEndpointCondition)

   HeapDumpWebEndpointAutoConfiguration:
      Did not match:
         - @ConditionalOnAvailableEndpoint no 'management.endpoints' property marked it as exposed (OnAvailableEndpointCondition)

   HttpTraceEndpointAutoConfiguration:
      Did not match:
         - @ConditionalOnAvailableEndpoint no 'management.endpoints' property marked it as exposed (OnAvailableEndpointCondition)

   LogFileWebEndpointAutoConfiguration:
      Did not match:
         - @ConditionalOnAvailableEndpoint no 'management.endpoints' property marked it as exposed (OnAvailableEndpointCondition)

   LoggersEndpointAutoConfiguration:
      Did not match:
         - @ConditionalOnAvailableEndpoint no 'management.endpoints' property marked it as exposed (OnAvailableEndpointCondition)

   MappingsEndpointAutoConfiguration:
      Did not match:
         - @ConditionalOnAvailableEndpoint no 'management.endpoints' property marked it as exposed (OnAvailableEndpointCondition)

   MetricsEndpointAutoConfiguration:
      Did not match:
         - @ConditionalOnAvailableEndpoint no 'management.endpoints' property marked it as exposed (OnAvailableEndpointCondition)
      Matched:
         - @ConditionalOnClass found required class 'io.micrometer.core.annotation.Timed' (OnClassCondition)

   ScheduledTasksEndpointAutoConfiguration:
      Did not match:
         - @ConditionalOnAvailableEndpoint no 'management.endpoints' property marked it as exposed (OnAvailableEndpointCondition)

   ShutdownEndpointAutoConfiguration:
      Did not match:
         - @ConditionalOnAvailableEndpoint no 'management.endpoints' property marked it as exposed (OnAvailableEndpointCondition)

   ThreadDumpEndpointAutoConfiguration:
      Did not match:
         - @ConditionalOnAvailableEndpoint no 'management.endpoints' property marked it as exposed (OnAvailableEndpointCondition)


Exclusions:
-----------

    None


Unconditional classes:
----------------------

    None



25-05-2022  08:28:22.091 [restartedMain] INFO  com.app.RestAppApplication.main - Application is started..!
25-05-2022  08:28:52.335 [http-nio-8080-exec-1] INFO  o.a.c.c.C.[Tomcat].[localhost].[/].log - Initializing Spring DispatcherServlet 'dispatcherServlet'
25-05-2022  08:28:52.335 [http-nio-8080-exec-1] INFO  o.s.web.servlet.DispatcherServlet.initServletBean - Initializing Servlet 'dispatcherServlet'
25-05-2022  08:28:52.337 [http-nio-8080-exec-1] INFO  o.s.web.servlet.DispatcherServlet.initServletBean - Completed initialization in 2 ms
25-05-2022  08:29:15.258 [Thread-7] INFO  o.s.o.j.LocalContainerEntityManagerFactoryBean.destroy - Closing JPA EntityManagerFactory for persistence unit 'default'
25-05-2022  08:29:15.258 [Thread-7] INFO  com.zaxxer.hikari.HikariDataSource.close - HikariPool-2 - Shutdown initiated...
25-05-2022  08:29:15.262 [Thread-7] INFO  com.zaxxer.hikari.HikariDataSource.close - HikariPool-2 - Shutdown completed.
